# JRE version: Java(TM) SE Runtime Environment (8.0_271-b09) (build 1.8.0_271-b09)
# Java VM: Java HotSpot(TM) Client VM (25.271-b09 mixed mode windows-x86 )
Heap:
 def new generation   total 179456K, used 179456K [0x04000000, 0x102b0000, 0x19550000)
  eden space 159552K, 100% used [0x04000000, 0x0dbd0000, 0x0dbd0000)
  from space 19904K, 100% used [0x0ef40000, 0x102b0000, 0x102b0000)
  to   space 19904K,  99% used [0x0dbd0000, 0x0ef3fff8, 0x0ef40000)
 tenured generation   total 425980K, used 425979K [0x19550000, 0x33550000, 0x44000000)
   the space 425980K,  99% used [0x19550000, 0x3354eff8, 0x3354f000, 0x3354f000)
 Metaspace       used 57287K, capacity 59858K, committed 59904K, reserved 60800K
GC Heap History (10 events):
Event: 624.746 GC heap after
Heap after GC invocations=254 (full 13):
 def new generation   total 179456K, used 9K [0x04000000, 0x102b0000, 0x19550000)
  eden space 159552K,   0% used [0x04000000, 0x04000000, 0x0dbd0000)
  from space 19904K,   0% used [0x0ef40000, 0x0ef426e8, 0x102b0000)
  to   space 19904K,   0% used [0x0dbd0000, 0x0dbd0000, 0x0ef40000)
 tenured generation   total 398240K, used 334657K [0x19550000, 0x31a38000, 0x44000000)
   the space 398240K,  84% used [0x19550000, 0x2dc20740, 0x2dc20800, 0x31a38000)
 Metaspace       used 57210K, capacity 59762K, committed 59776K, reserved 59776K
}
Event: 626.389 GC heap before
{Heap before GC invocations=254 (full 13):
 def new generation   total 179456K, used 159561K [0x04000000, 0x102b0000, 0x19550000)
  eden space 159552K, 100% used [0x04000000, 0x0dbd0000, 0x0dbd0000)
  from space 19904K,   0% used [0x0ef40000, 0x0ef426e8, 0x102b0000)
  to   space 19904K,   0% used [0x0dbd0000, 0x0dbd0000, 0x0ef40000)
 tenured generation   total 398240K, used 334657K [0x19550000, 0x31a38000, 0x44000000)
   the space 398240K,  84% used [0x19550000, 0x2dc20740, 0x2dc20800, 0x31a38000)
 Metaspace       used 57210K, capacity 59762K, committed 59776K, reserved 59776K
Event: 626.397 GC heap after
Heap after GC invocations=255 (full 13):
 def new generation   total 179456K, used 9K [0x04000000, 0x102b0000, 0x19550000)
  eden space 159552K,   0% used [0x04000000, 0x04000000, 0x0dbd0000)
  from space 19904K,   0% used [0x0dbd0000, 0x0dbd27c0, 0x0ef40000)
  to   space 19904K,   0% used [0x0ef40000, 0x0ef40000, 0x102b0000)
 tenured generation   total 398240K, used 334657K [0x19550000, 0x31a38000, 0x44000000)
   the space 398240K,  84% used [0x19550000, 0x2dc20740, 0x2dc20800, 0x31a38000)
 Metaspace       used 57210K, capacity 59762K, committed 59776K, reserved 59776K
}
Event: 627.989 GC heap before
{Heap before GC invocations=255 (full 13):
 def new generation   total 179456K, used 159561K [0x04000000, 0x102b0000, 0x19550000)
  eden space 159552K, 100% used [0x04000000, 0x0dbd0000, 0x0dbd0000)
  from space 19904K,   0% used [0x0dbd0000, 0x0dbd27c0, 0x0ef40000)
  to   space 19904K,   0% used [0x0ef40000, 0x0ef40000, 0x102b0000)
 tenured generation   total 398240K, used 334657K [0x19550000, 0x31a38000, 0x44000000)
   the space 398240K,  84% used [0x19550000, 0x2dc20740, 0x2dc20800, 0x31a38000)
 Metaspace       used 57210K, capacity 59762K, committed 59776K, reserved 59776K
Event: 627.995 GC heap after
Heap after GC invocations=256 (full 13):
 def new generation   total 179456K, used 18K [0x04000000, 0x102b0000, 0x19550000)
  eden space 159552K,   0% used [0x04000000, 0x04000000, 0x0dbd0000)
  from space 19904K,   0% used [0x0ef40000, 0x0ef44a38, 0x102b0000)
  to   space 19904K,   0% used [0x0dbd0000, 0x0dbd0000, 0x0ef40000)
 tenured generation   total 398240K, used 334657K [0x19550000, 0x31a38000, 0x44000000)
   the space 398240K,  84% used [0x19550000, 0x2dc20740, 0x2dc20800, 0x31a38000)
 Metaspace       used 57210K, capacity 59762K, committed 59776K, reserved 59776K
}
Event: 632.602 GC heap before
{Heap before GC invocations=256 (full 13):
 def new generation   total 179456K, used 159161K [0x04000000, 0x102b0000, 0x19550000)
  eden space 159552K,  99% used [0x04000000, 0x0db69d88, 0x0dbd0000)
  from space 19904K,   0% used [0x0ef40000, 0x0ef44a38, 0x102b0000)
  to   space 19904K,   0% used [0x0dbd0000, 0x0dbd0000, 0x0ef40000)
 tenured generation   total 398240K, used 334657K [0x19550000, 0x31a38000, 0x44000000)
   the space 398240K,  84% used [0x19550000, 0x2dc20740, 0x2dc20800, 0x31a38000)
 Metaspace       used 57273K, capacity 59843K, committed 59904K, reserved 60800K
Event: 632.631 GC heap after
Heap after GC invocations=257 (full 13):
 def new generation   total 179456K, used 2442K [0x04000000, 0x102b0000, 0x19550000)
  eden space 159552K,   0% used [0x04000000, 0x04000000, 0x0dbd0000)
  from space 19904K,  12% used [0x0dbd0000, 0x0de32858, 0x0ef40000)
  to   space 19904K,   0% used [0x0ef40000, 0x0ef40000, 0x102b0000)
 tenured generation   total 398240K, used 334657K [0x19550000, 0x31a38000, 0x44000000)
   the space 398240K,  84% used [0x19550000, 0x2dc20740, 0x2dc20800, 0x31a38000)
 Metaspace       used 57273K, capacity 59843K, committed 59904K, reserved 60800K
}
Event: 634.923 GC heap before
{Heap before GC invocations=257 (full 13):
 def new generation   total 179456K, used 161994K [0x04000000, 0x102b0000, 0x19550000)
  eden space 159552K, 100% used [0x04000000, 0x0dbd0000, 0x0dbd0000)
  from space 19904K,  12% used [0x0dbd0000, 0x0de32858, 0x0ef40000)
  to   space 19904K,   0% used [0x0ef40000, 0x0ef40000, 0x102b0000)
 tenured generation   total 398240K, used 334657K [0x19550000, 0x31a38000, 0x44000000)
   the space 398240K,  84% used [0x19550000, 0x2dc20740, 0x2dc20800, 0x31a38000)
 Metaspace       used 57283K, capacity 59858K, committed 59904K, reserved 60800K
Event: 635.612 GC heap after
Heap after GC invocations=258 (full 13):
 def new generation   total 179456K, used 19904K [0x04000000, 0x102b0000, 0x19550000)
  eden space 159552K,   0% used [0x04000000, 0x04000000, 0x0dbd0000)
  from space 19904K, 100% used [0x0ef40000, 0x102b0000, 0x102b0000)
  to   space 19904K,   0% used [0x0dbd0000, 0x0dbd0000, 0x0ef40000)
 tenured generation   total 398240K, used 393724K [0x19550000, 0x31a38000, 0x44000000)
   the space 398240K,  98% used [0x19550000, 0x315cf1c8, 0x315cf200, 0x31a38000)
 Metaspace       used 57283K, capacity 59858K, committed 59904K, reserved 60800K
}
Event: 637.138 GC heap before
{Heap before GC invocations=258 (full 13):
 def new generation   total 179456K, used 179456K [0x04000000, 0x102b0000, 0x19550000)
  eden space 159552K, 100% used [0x04000000, 0x0dbd0000, 0x0dbd0000)
  from space 19904K, 100% used [0x0ef40000, 0x102b0000, 0x102b0000)
  to   space 19904K,   0% used [0x0dbd0000, 0x0dbd0000, 0x0ef40000)
 tenured generation   total 398240K, used 393724K [0x19550000, 0x31a38000, 0x44000000)
   the space 398240K,  98% used [0x19550000, 0x315cf1c8, 0x315cf200, 0x31a38000)
 Metaspace       used 57287K, capacity 59858K, committed 59904K, reserved 60800K

